--------------- Build Started: 07/01/2015 14:45:45 Project: BLE Lab 3, Configuration: ARM GCC 4.8.4 Debug ---------------
cydsfit.exe -.appdatapath "C:\Users\szimmo\AppData\Local\Cypress Semiconductor\PSoC Creator\3.2" -.fdsnotice -.fdswarpdepfile=warp_dependencies.txt -.fdselabdepfile=elab_dependencies.txt -.fdsbldfile=generated_files.txt -p "C:\Users\szimmo\Downloads\UWO\ece9407\ble\Cypress BLE Workshop\Workshop Exrecises and Manuals\Template Labs\BLE Lab 3\BLE Lab 3.cydsn\BLE Lab 3.cyprj" -d CY8C4247LQI-BL483 -s "C:\Users\szimmo\Downloads\UWO\ece9407\ble\Cypress BLE Workshop\Workshop Exrecises and Manuals\Template Labs\BLE Lab 3\BLE Lab 3.cydsn\Generated_Source\PSoC4" -- -yv2 -q10 -ygs -o2 -v3 -.fftcfgtype=LE
Elaborating Design...
cmod
source
source
source
source
source
HDL Generation ...
Synthesis ...
Place and Route ...
Tech mapping ...
Analog Placement ...
Analog Routing ...
Analog Code Generation ...
Digital Placement ...
Digital Routing ...
Bitstream Generation ...
Static timing analysis ...
API Generation ...
Dependency Generation ...
Clean Temporary Files ...
--------------- Build Succeeded: 07/01/2015 14:46:06 ---------------
